-------------------------------------------------------------------------------
Test set: com.example.springapp.SpringappApplicationTests
-------------------------------------------------------------------------------
Tests run: 2, Failures: 1, Errors: 0, Skipped: 0, Time elapsed: 2.697 s <<< FAILURE! - in com.example.springapp.SpringappApplicationTests
testUpdateMedicineApi  Time elapsed: 0.281 s  <<< FAILURE!
java.lang.AssertionError: Status expected:<200> but was:<404>
	at com.example.springapp.SpringappApplicationTests.testUpdateMedicineApi(SpringappApplicationTests.java:46)

